2018-08-08 15:20:09,351 INFO [main] o.s.b.w.s.c.AnnotationConfigServletWebServerApplicationContext [AbstractApplicationContext.java:589] Refreshing org.springframework.boot.web.servlet.context.AnnotationConfigServletWebServerApplicationContext@5f150435: startup date [Wed Aug 08 15:20:09 IST 2018]; root of context hierarchy
2018-08-08 15:20:15,706 INFO [main] o.s.b.w.e.t.TomcatWebServer [TomcatWebServer.java:89] Tomcat initialized with port(s): 6090 (http)
2018-08-08 15:20:18,390 INFO [localhost-startStop-1] o.s.w.c.ContextLoader [ServletWebServerApplicationContext.java:283] Root WebApplicationContext: initialization completed in 9039 ms
2018-08-08 15:20:18,622 INFO [localhost-startStop-1] o.s.b.w.s.FilterRegistrationBean [AbstractFilterRegistrationBean.java:251] Mapping filter: 'characterEncodingFilter' to: [/*]
2018-08-08 15:20:18,638 INFO [localhost-startStop-1] o.s.b.w.s.FilterRegistrationBean [AbstractFilterRegistrationBean.java:251] Mapping filter: 'hiddenHttpMethodFilter' to: [/*]
2018-08-08 15:20:18,638 INFO [localhost-startStop-1] o.s.b.w.s.FilterRegistrationBean [AbstractFilterRegistrationBean.java:251] Mapping filter: 'httpPutFormContentFilter' to: [/*]
2018-08-08 15:20:18,638 INFO [localhost-startStop-1] o.s.b.w.s.FilterRegistrationBean [AbstractFilterRegistrationBean.java:251] Mapping filter: 'requestContextFilter' to: [/*]
2018-08-08 15:20:18,638 INFO [localhost-startStop-1] o.s.b.w.s.DelegatingFilterProxyRegistrationBean [AbstractFilterRegistrationBean.java:251] Mapping filter: 'springSecurityFilterChain' to: [/*]
2018-08-08 15:20:18,638 INFO [localhost-startStop-1] o.s.b.w.s.ServletRegistrationBean [ServletRegistrationBean.java:191] Mapping servlet: 'dispatcherServlet' to [/]
2018-08-08 15:20:19,606 INFO [main] o.s.o.j.LocalContainerEntityManagerFactoryBean [LocalContainerEntityManagerFactoryBean.java:361] Building JPA container EntityManagerFactory for persistence unit 'default'
2018-08-08 15:20:22,407 INFO [main] o.s.o.j.LocalContainerEntityManagerFactoryBean [AbstractEntityManagerFactoryBean.java:393] Initialized JPA EntityManagerFactory for persistence unit 'default'
2018-08-08 15:20:23,922 DEBUG [main] o.s.s.c.a.a.c.AuthenticationConfiguration$EnableGlobalAuthenticationAutowiredConfigurer [AuthenticationConfiguration.java:177] Eagerly initializing {webSecurityConfig=com.ahi.security.WebSecurityConfig$$EnhancerBySpringCGLIB$$47aa091a@46b61c56}
2018-08-08 15:20:24,451 DEBUG [main] o.s.s.w.a.e.ExpressionBasedFilterInvocationSecurityMetadataSource [ExpressionBasedFilterInvocationSecurityMetadataSource.java:74] Adding web access control expression 'authenticated', for Ant [pattern='/rest/**']
2018-08-08 15:20:24,470 DEBUG [main] o.s.s.w.a.i.FilterSecurityInterceptor [AbstractSecurityInterceptor.java:180] Validated configuration attributes
2018-08-08 15:20:24,472 DEBUG [main] o.s.s.w.a.i.FilterSecurityInterceptor [AbstractSecurityInterceptor.java:180] Validated configuration attributes
2018-08-08 15:20:24,496 INFO [main] o.s.s.w.DefaultSecurityFilterChain [DefaultSecurityFilterChain.java:43] Creating filter chain: org.springframework.security.web.util.matcher.AnyRequestMatcher@1, [org.springframework.security.web.context.request.async.WebAsyncManagerIntegrationFilter@7a1234bf, org.springframework.security.web.context.SecurityContextPersistenceFilter@76f4b65, org.springframework.security.web.header.HeaderWriterFilter@e57b96d, org.springframework.security.web.authentication.logout.LogoutFilter@41e68d87, org.springframework.security.web.authentication.UsernamePasswordAuthenticationFilter@5ce8d869, org.springframework.security.web.savedrequest.RequestCacheAwareFilter@36328d33, org.springframework.security.web.servletapi.SecurityContextHolderAwareRequestFilter@545b995e, org.springframework.security.web.authentication.AnonymousAuthenticationFilter@2f62ea70, org.springframework.security.web.session.SessionManagementFilter@22f31dec, org.springframework.security.web.access.ExceptionTranslationFilter@38234a38, org.springframework.security.web.access.intercept.FilterSecurityInterceptor@64a40280]
2018-08-08 15:20:25,275 INFO [main] o.s.w.s.m.m.a.RequestMappingHandlerAdapter [RequestMappingHandlerAdapter.java:568] Looking for @ControllerAdvice: org.springframework.boot.web.servlet.context.AnnotationConfigServletWebServerApplicationContext@5f150435: startup date [Wed Aug 08 15:20:09 IST 2018]; root of context hierarchy
2018-08-08 15:20:25,397 WARN [main] o.s.b.a.o.j.JpaBaseConfiguration$JpaWebConfiguration$JpaWebMvcConfiguration [JpaBaseConfiguration.java:232] spring.jpa.open-in-view is enabled by default. Therefore, database queries may be performed during view rendering. Explicitly configure spring.jpa.open-in-view to disable this warning
2018-08-08 15:20:25,459 INFO [main] o.s.w.s.m.m.a.RequestMappingHandlerMapping [AbstractHandlerMethodMapping.java:549] Mapped "{[/rest/departments/delete],methods=[GET],produces=[application/json]}" onto public org.springframework.http.ResponseEntity<java.lang.String> com.ahi.web.controllers.DepartmentController.deleteDepartment(java.lang.Integer[])
2018-08-08 15:20:25,464 INFO [main] o.s.w.s.m.m.a.RequestMappingHandlerMapping [AbstractHandlerMethodMapping.java:549] Mapped "{[/rest/departments/],methods=[POST]}" onto public org.springframework.http.ResponseEntity<com.ahi.model.DepartmentsModel> com.ahi.web.controllers.DepartmentController.saveDepartment(com.ahi.model.DepartmentsModel,java.security.Principal) throws java.lang.Exception
2018-08-08 15:20:25,465 INFO [main] o.s.w.s.m.m.a.RequestMappingHandlerMapping [AbstractHandlerMethodMapping.java:549] Mapped "{[/rest/departments/all],methods=[GET],produces=[application/json]}" onto public org.springframework.http.ResponseEntity<java.util.List<com.ahi.model.DepartmentsModel>> com.ahi.web.controllers.DepartmentController.getAllDepartments()
2018-08-08 15:20:25,467 INFO [main] o.s.w.s.m.m.a.RequestMappingHandlerMapping [AbstractHandlerMethodMapping.java:549] Mapped "{[/rest/projects/all],methods=[GET],produces=[application/json]}" onto public org.springframework.http.ResponseEntity<java.util.List<com.ahi.model.ProjectsModel>> com.ahi.web.controllers.ProjectController.getAllProjects()
2018-08-08 15:20:25,467 INFO [main] o.s.w.s.m.m.a.RequestMappingHandlerMapping [AbstractHandlerMethodMapping.java:549] Mapped "{[/rest/projects/delete],methods=[GET],produces=[application/json]}" onto public org.springframework.http.ResponseEntity<java.lang.String> com.ahi.web.controllers.ProjectController.deleteProject(java.lang.Integer[])
2018-08-08 15:20:25,468 INFO [main] o.s.w.s.m.m.a.RequestMappingHandlerMapping [AbstractHandlerMethodMapping.java:549] Mapped "{[/rest/projects/],methods=[POST]}" onto public org.springframework.http.ResponseEntity<com.ahi.model.ProjectsModel> com.ahi.web.controllers.ProjectController.saveProject(com.ahi.model.ProjectsModel,java.security.Principal) throws java.lang.Exception
2018-08-08 15:20:25,471 INFO [main] o.s.w.s.m.m.a.RequestMappingHandlerMapping [AbstractHandlerMethodMapping.java:549] Mapped "{[/api/tasks/delete/{taskId}],methods=[GET],produces=[application/json]}" onto public org.springframework.http.ResponseEntity<java.lang.String> com.ahi.web.controllers.TaskController.deleteTask(java.lang.Integer)
2018-08-08 15:20:25,471 INFO [main] o.s.w.s.m.m.a.RequestMappingHandlerMapping [AbstractHandlerMethodMapping.java:549] Mapped "{[/api/tasks/],methods=[POST]}" onto public org.springframework.http.ResponseEntity<com.ahi.model.TasksModel> com.ahi.web.controllers.TaskController.saveTask(com.ahi.model.TasksModel,java.security.Principal) throws java.lang.Exception
2018-08-08 15:20:25,472 INFO [main] o.s.w.s.m.m.a.RequestMappingHandlerMapping [AbstractHandlerMethodMapping.java:549] Mapped "{[/api/tasks/delete],methods=[GET],produces=[application/json]}" onto public org.springframework.http.ResponseEntity<java.lang.String> com.ahi.web.controllers.TaskController.deleteTasks(java.lang.Integer[])
2018-08-08 15:20:25,472 INFO [main] o.s.w.s.m.m.a.RequestMappingHandlerMapping [AbstractHandlerMethodMapping.java:549] Mapped "{[/api/tasks/all],methods=[GET],produces=[application/json]}" onto public org.springframework.http.ResponseEntity<java.util.List<com.ahi.model.TasksModel>> com.ahi.web.controllers.TaskController.findAllTask()
2018-08-08 15:20:25,474 INFO [main] o.s.w.s.m.m.a.RequestMappingHandlerMapping [AbstractHandlerMethodMapping.java:549] Mapped "{[/api/timesheet/],methods=[POST]}" onto public org.springframework.http.ResponseEntity<com.ahi.model.TimesheetModel> com.ahi.web.controllers.TimesheetController.saveTimesheet(com.ahi.model.TimesheetModel,java.security.Principal) throws java.lang.Exception
2018-08-08 15:20:25,475 INFO [main] o.s.w.s.m.m.a.RequestMappingHandlerMapping [AbstractHandlerMethodMapping.java:549] Mapped "{[/api/timesheet/timesheet/fetchData/{empId}],methods=[GET],produces=[application/json]}" onto public org.springframework.http.ResponseEntity<java.util.List<com.ahi.model.TimesheetModel>> com.ahi.web.controllers.TimesheetController.findAllData(java.lang.Integer,java.security.Principal)
2018-08-08 15:20:25,484 INFO [main] o.s.w.s.m.m.a.RequestMappingHandlerMapping [AbstractHandlerMethodMapping.java:549] Mapped "{[/rest/user/{userId}/tasks],methods=[GET],produces=[application/json]}" onto public org.springframework.http.ResponseEntity<java.util.List<com.ahi.model.TasksModel>> com.ahi.web.controllers.UserController.getAllTasks(java.lang.Integer)
2018-08-08 15:20:25,485 INFO [main] o.s.w.s.m.m.a.RequestMappingHandlerMapping [AbstractHandlerMethodMapping.java:549] Mapped "{[/rest/user/changepassword],methods=[POST]}" onto public org.springframework.http.ResponseEntity<?> com.ahi.web.controllers.UserController.changePassword(com.ahi.web.to.PasswordConfirmation,java.security.Principal) throws java.lang.Exception
2018-08-08 15:20:25,485 INFO [main] o.s.w.s.m.m.a.RequestMappingHandlerMapping [AbstractHandlerMethodMapping.java:549] Mapped "{[/rest/user/{username}],methods=[GET],produces=[application/json]}" onto public org.springframework.http.ResponseEntity<com.ahi.entity.AhiUser> com.ahi.web.controllers.UserController.getUser(java.lang.String,java.security.Principal)
2018-08-08 15:20:25,486 INFO [main] o.s.w.s.m.m.a.RequestMappingHandlerMapping [AbstractHandlerMethodMapping.java:549] Mapped "{[/rest/user/users],methods=[GET],produces=[application/json]}" onto public org.springframework.http.ResponseEntity<java.lang.Iterable<com.ahi.entity.AhiUser>> com.ahi.web.controllers.UserController.getUsers(java.security.Principal)
2018-08-08 15:20:25,486 INFO [main] o.s.w.s.m.m.a.RequestMappingHandlerMapping [AbstractHandlerMethodMapping.java:549] Mapped "{[/rest/user/adduser],methods=[POST]}" onto public org.springframework.http.ResponseEntity<com.ahi.model.UserModel> com.ahi.web.controllers.UserController.saveUser(com.ahi.model.UserModel,java.security.Principal) throws java.lang.Exception
2018-08-08 15:20:25,487 INFO [main] o.s.w.s.m.m.a.RequestMappingHandlerMapping [AbstractHandlerMethodMapping.java:549] Mapped "{[/rest/user/],methods=[POST]}" onto public org.springframework.http.ResponseEntity<?> com.ahi.web.controllers.UserController.saveUser(com.ahi.entity.AhiUser,java.security.Principal) throws java.lang.Exception
2018-08-08 15:20:25,487 INFO [main] o.s.w.s.m.m.a.RequestMappingHandlerMapping [AbstractHandlerMethodMapping.java:549] Mapped "{[/rest/user/userdetails],methods=[GET],produces=[application/json]}" onto public org.springframework.http.ResponseEntity<com.ahi.entity.AhiUser> com.ahi.web.controllers.UserController.getLoggedInUserDetails(java.security.Principal)
2018-08-08 15:20:25,491 INFO [main] o.s.w.s.m.m.a.RequestMappingHandlerMapping [AbstractHandlerMethodMapping.java:549] Mapped "{[/error]}" onto public org.springframework.http.ResponseEntity<java.util.Map<java.lang.String, java.lang.Object>> org.springframework.boot.autoconfigure.web.servlet.error.BasicErrorController.error(javax.servlet.http.HttpServletRequest)
2018-08-08 15:20:25,492 INFO [main] o.s.w.s.m.m.a.RequestMappingHandlerMapping [AbstractHandlerMethodMapping.java:549] Mapped "{[/error],produces=[text/html]}" onto public org.springframework.web.servlet.ModelAndView org.springframework.boot.autoconfigure.web.servlet.error.BasicErrorController.errorHtml(javax.servlet.http.HttpServletRequest,javax.servlet.http.HttpServletResponse)
2018-08-08 15:20:25,524 INFO [main] o.s.w.s.h.SimpleUrlHandlerMapping [AbstractUrlHandlerMapping.java:373] Mapped URL path [/{spring:\w+}] onto handler of type [class org.springframework.web.servlet.mvc.ParameterizableViewController]
2018-08-08 15:20:25,525 INFO [main] o.s.w.s.h.SimpleUrlHandlerMapping [AbstractUrlHandlerMapping.java:373] Mapped URL path [/**/{spring:\w+}] onto handler of type [class org.springframework.web.servlet.mvc.ParameterizableViewController]
2018-08-08 15:20:25,525 INFO [main] o.s.w.s.h.SimpleUrlHandlerMapping [AbstractUrlHandlerMapping.java:373] Mapped URL path [/{spring:\w+}/**{spring:?!(\.js|\.css)$}] onto handler of type [class org.springframework.web.servlet.mvc.ParameterizableViewController]
2018-08-08 15:20:25,557 INFO [main] o.s.w.s.h.SimpleUrlHandlerMapping [AbstractUrlHandlerMapping.java:373] Mapped URL path [/webjars/**] onto handler of type [class org.springframework.web.servlet.resource.ResourceHttpRequestHandler]
2018-08-08 15:20:25,557 INFO [main] o.s.w.s.h.SimpleUrlHandlerMapping [AbstractUrlHandlerMapping.java:373] Mapped URL path [/**] onto handler of type [class org.springframework.web.servlet.resource.ResourceHttpRequestHandler]
2018-08-08 15:20:25,599 INFO [main] o.s.w.s.m.m.a.ExceptionHandlerExceptionResolver [ExceptionHandlerExceptionResolver.java:287] Detected @ExceptionHandler methods in globalControllerExceptionHandler
2018-08-08 15:20:25,643 INFO [main] o.s.w.s.h.SimpleUrlHandlerMapping [AbstractUrlHandlerMapping.java:373] Mapped URL path [/**/favicon.ico] onto handler of type [class org.springframework.web.servlet.resource.ResourceHttpRequestHandler]
2018-08-08 15:20:25,732 INFO [main] o.s.b.a.w.s.WelcomePageHandlerMapping [WelcomePageHandlerMapping.java:52] Adding welcome page: class path resource [public/index.html]
2018-08-08 15:20:25,956 INFO [main] o.s.j.e.a.AnnotationMBeanExporter [MBeanExporter.java:434] Registering beans for JMX exposure on startup
2018-08-08 15:20:25,958 INFO [main] o.s.j.e.a.AnnotationMBeanExporter [MBeanExporter.java:896] Bean with name 'dataSource' has been autodetected for JMX exposure
2018-08-08 15:20:25,968 INFO [main] o.s.j.e.a.AnnotationMBeanExporter [MBeanExporter.java:669] Located MBean 'dataSource': registering with JMX server as MBean [com.zaxxer.hikari:name=dataSource,type=HikariDataSource]
2018-08-08 15:20:26,108 INFO [main] o.s.b.w.e.t.TomcatWebServer [TomcatWebServer.java:197] Tomcat started on port(s): 6090 (http) with context path '/ahits'
